{"level":"info","message":"data reached successfuly!"}
{"level":"info","message":"data reached successfuly! undefined"}
{"level":"info","message":"data reached successfuly! undefined"}
{"level":"info","message":"data reached successfuly! undefined"}
{"level":"info","message":"data reached successfuly! "}
{"level":"info","message":"data reached successfuly! "}
{"level":"info","message":"data reached successfuly! "}
{"level":"info","message":"data reached successfuly! "}
{"level":"info","message":"data reached successfuly! "}
{"level":"info","message":"data reached successfuly!"}
{"level":"info","message":"data reached successfuly!"}
{"level":"info","message":"data reached successfuly!"}
{"level":"info","message":"data reached successfuly!"}
{"level":"info","message":"data reached successfuly!"}
{"level":"info","message":"data reached successfuly!"}
{"level":"info","message":"data reached successfuly!"}
{"level":"info","message":"data reached successfuly!"}
{"level":"info","message":"data reached successfuly!"}
{"level":"info","message":"data reached successfuly!"}
{"level":"info","message":"data reached successfuly!"}
{"level":"info","message":"data reached successfuly!"}
{"level":"info","message":"data reached successfuly!"}
{"level":"info","message":"data reached successfuly!"}
{"level":"info","message":"data reached successfuly!"}
{"level":"info","message":"data reached successfuly!"}
{"level":"info","message":"data reached successfuly!"}
{"level":"info","message":"data reached successfuly!"}
{"level":"info","message":"data reached successfuly!"}
{"level":"info","message":"data reached successfuly!"}
{"level":"info","message":"data reached successfuly!"}
{"level":"info","message":"data reached successfuly!"}
{"level":"info","message":"data reached successfuly!"}
{"level":"info","message":"data reached successfuly!"}
{"level":"info","message":"data reached successfuly!"}
{"level":"info","message":"data reached successfuly!"}
{"level":"info","message":"data reached successfuly!"}
{"level":"info","message":"data reached successfuly!"}
{"level":"info","message":"data reached successfuly!"}
{"level":"info","message":"data reached successfuly!"}
{"level":"info","message":"data reached successfuly!"}
{"level":"info","message":"data reached successfuly!"}
{"level":"info","message":"data reached successfuly!"}
{"level":"info","message":"data reached successfuly!"}
{"level":"info","message":"data reached successfuly!"}
{"level":"info","message":"Posts obtidos com sucesso"}
{"level":"info","message":"data reached successfuly!"}
{"level":"info","message":"data reached successfuly!"}
{"level":"info","message":"data reached successfuly!"}
{"level":"info","message":"data reached successfuly!"}
{"level":"info","message":"data reached successfuly!"}
{"level":"info","message":"data reached successfuly!"}
{"level":"error","message":"Ops! slug not found or connection error"}
{"level":"info","message":"data reached successfuly!"}
{"level":"error","message":"Ops! slug not found or connection error"}
{"level":"info","message":"data reached successfuly!"}
{"level":"error","message":"Ops! slug not found or connection error"}
{"level":"info","message":"data reached successfuly!"}
{"level":"error","message":"Ops! slug not found or connection error"}
{"level":"info","message":"data reached successfuly!"}
{"level":"info","message":"data reached successfuly!"}
{"level":"info","message":"data reached successfuly!"}
{"level":"error","message":"Ops! slug not found or connection error"}
{"level":"info","message":"data reached successfuly!"}
{"level":"error","message":"Ops! slug not found or connection error"}
{"level":"info","message":"data reached successfuly!"}
